<?xml version="1.0" encoding="UTF-8"?>
<testng-results skipped="0" failed="0" ignored="0" total="1" passed="1">
  <reporter-output>
  </reporter-output>
  <suite name="Default suite" duration-ms="21973" started-at="2022-08-27T09:54:58 EET" finished-at="2022-08-27T09:55:20 EET">
    <groups>
    </groups>
    <test name="Default test" duration-ms="21973" started-at="2022-08-27T09:54:58 EET" finished-at="2022-08-27T09:55:20 EET">
      <class name="tests.SignUpTest">
        <test-method status="PASS" signature="setUp()[pri:0, instance:tests.SignUpTest@11758f2a]" name="setUp" is-config="true" duration-ms="11065" started-at="2022-08-27T09:54:58 EET" finished-at="2022-08-27T09:55:09 EET">
          <reporter-output>
          </reporter-output>
        </test-method> <!-- setUp -->
        <test-method status="PASS" signature="testSignUp()[pri:0, instance:tests.SignUpTest@11758f2a]" name="testSignUp" duration-ms="9392" started-at="2022-08-27T09:55:09 EET" finished-at="2022-08-27T09:55:19 EET">
          <reporter-output>
          </reporter-output>
        </test-method> <!-- testSignUp -->
        <test-method status="PASS" signature="tearDown()[pri:0, instance:tests.SignUpTest@11758f2a]" name="tearDown" is-config="true" duration-ms="1460" started-at="2022-08-27T09:55:19 EET" finished-at="2022-08-27T09:55:20 EET">
          <reporter-output>
          </reporter-output>
        </test-method> <!-- tearDown -->
      </class> <!-- tests.SignUpTest -->
    </test> <!-- Default test -->
  </suite> <!-- Default suite -->
</testng-results>
